Build started 3/27/2017 9:45:33 PM.
     1>Project "c:\Users\hafizhamza\documents\visual studio 2010\Projects\even odd loop\even odd loop\even odd loop.vcxproj" on node 2 (build target(s)).
     1>PrepareForBuild:
         Creating directory "c:\users\hafizhamza\documents\visual studio 2010\Projects\even odd loop\Debug\".
       InitializeBuildStatus:
         Creating "Debug\even odd loop.unsuccessfulbuild" because "AlwaysCreate" was specified.
       ClCompile:
         C:\Program Files (x86)\Microsoft Visual Studio 10.0\VC\bin\CL.exe /c /ZI /nologo /W3 /WX- /Od /Oy- /D _MBCS /Gm /EHsc /RTC1 /MDd /GS /fp:precise /Zc:wchar_t /Zc:forScope /Fo"Debug\\" /Fd"Debug\vc100.pdb" /Gd /TP /analyze- /errorReport:prompt "even odd loop.cpp"
         even odd loop.cpp
     1>c:\users\hafizhamza\documents\visual studio 2010\projects\even odd loop\even odd loop\even odd loop.cpp(36): warning C4996: 'getch': The POSIX name for this item is deprecated. Instead, use the ISO C++ conformant name: _getch. See online help for details.
                 c:\program files (x86)\microsoft visual studio 10.0\vc\include\conio.h(128) : see declaration of 'getch'
       Link:
         C:\Program Files (x86)\Microsoft Visual Studio 10.0\VC\bin\link.exe /ERRORREPORT:PROMPT /OUT:"c:\users\hafizhamza\documents\visual studio 2010\Projects\even odd loop\Debug\even odd loop.exe" /NOLOGO kernel32.lib user32.lib gdi32.lib winspool.lib comdlg32.lib advapi32.lib shell32.lib ole32.lib oleaut32.lib uuid.lib odbc32.lib odbccp32.lib /MANIFEST /ManifestFile:"Debug\even odd loop.exe.intermediate.manifest" /MANIFESTUAC:"level='asInvoker' uiAccess='false'" /DEBUG /PDB:"c:\users\hafizhamza\documents\visual studio 2010\Projects\even odd loop\Debug\even odd loop.pdb" /TLBID:1 /DYNAMICBASE /NXCOMPAT /IMPLIB:"c:\users\hafizhamza\documents\visual studio 2010\Projects\even odd loop\Debug\even odd loop.lib" /MACHINE:X86 "Debug\even odd loop.obj"
         even odd loop.vcxproj -> c:\users\hafizhamza\documents\visual studio 2010\Projects\even odd loop\Debug\even odd loop.exe
       Manifest:
         C:\Program Files (x86)\Microsoft SDKs\Windows\v7.0A\bin\mt.exe /nologo /verbose /outputresource:"c:\users\hafizhamza\documents\visual studio 2010\Projects\even odd loop\Debug\even odd loop.exe;#1" /manifest "Debug\even odd loop.exe.intermediate.manifest"
       FinalizeBuildStatus:
         Deleting file "Debug\even odd loop.unsuccessfulbuild".
         Touching "Debug\even odd loop.lastbuildstate".
     1>Done Building Project "c:\Users\hafizhamza\documents\visual studio 2010\Projects\even odd loop\even odd loop\even odd loop.vcxproj" (build target(s)).

Build succeeded.

Time Elapsed 00:00:01.01
